Determining if the pthread_create exist failed with the following output:
Change Dir: /media/s4mothy/HI THERE/programming/school/csci5551/project_botross/botross_ws2/build/CMakeFiles/CMakeTmp

Run Build Command:"/usr/bin/make" "cmTC_7114e/fast"
/usr/bin/make -f CMakeFiles/cmTC_7114e.dir/build.make CMakeFiles/cmTC_7114e.dir/build
make[1]: Entering directory '/media/s4mothy/HI THERE/programming/school/csci5551/project_botross/botross_ws2/build/CMakeFiles/CMakeTmp'
Building C object CMakeFiles/cmTC_7114e.dir/CheckSymbolExists.c.o
/usr/bin/cc    -o CMakeFiles/cmTC_7114e.dir/CheckSymbolExists.c.o   -c "/media/s4mothy/HI THERE/programming/school/csci5551/project_botross/botross_ws2/build/CMakeFiles/CMakeTmp/CheckSymbolExists.c"
Linking C executable cmTC_7114e
/usr/bin/cmake -E cmake_link_script CMakeFiles/cmTC_7114e.dir/link.txt --verbose=1
/usr/bin/cc      -rdynamic CMakeFiles/cmTC_7114e.dir/CheckSymbolExists.c.o  -o cmTC_7114e 
/usr/bin/ld: CMakeFiles/cmTC_7114e.dir/CheckSymbolExists.c.o: in function `main':
CheckSymbolExists.c:(.text+0x1b): undefined reference to `pthread_create'
collect2: error: ld returned 1 exit status
make[1]: *** [CMakeFiles/cmTC_7114e.dir/build.make:87: cmTC_7114e] Error 1
make[1]: Leaving directory '/media/s4mothy/HI THERE/programming/school/csci5551/project_botross/botross_ws2/build/CMakeFiles/CMakeTmp'
make: *** [Makefile:121: cmTC_7114e/fast] Error 2

File /media/s4mothy/HI THERE/programming/school/csci5551/project_botross/botross_ws2/build/CMakeFiles/CMakeTmp/CheckSymbolExists.c:
/* */
#include <pthread.h>

int main(int argc, char** argv)
{
  (void)argv;
#ifndef pthread_create
  return ((int*)(&pthread_create))[argc];
#else
  (void)argc;
  return 0;
#endif
}

Determining if the function pthread_create exists in the pthreads failed with the following output:
Change Dir: /media/s4mothy/HI THERE/programming/school/csci5551/project_botross/botross_ws2/build/CMakeFiles/CMakeTmp

Run Build Command:"/usr/bin/make" "cmTC_4cccc/fast"
/usr/bin/make -f CMakeFiles/cmTC_4cccc.dir/build.make CMakeFiles/cmTC_4cccc.dir/build
make[1]: Entering directory '/media/s4mothy/HI THERE/programming/school/csci5551/project_botross/botross_ws2/build/CMakeFiles/CMakeTmp'
Building C object CMakeFiles/cmTC_4cccc.dir/CheckFunctionExists.c.o
/usr/bin/cc   -DCHECK_FUNCTION_EXISTS=pthread_create   -o CMakeFiles/cmTC_4cccc.dir/CheckFunctionExists.c.o   -c /usr/share/cmake-3.13/Modules/CheckFunctionExists.c
Linking C executable cmTC_4cccc
/usr/bin/cmake -E cmake_link_script CMakeFiles/cmTC_4cccc.dir/link.txt --verbose=1
/usr/bin/cc  -DCHECK_FUNCTION_EXISTS=pthread_create    -rdynamic CMakeFiles/cmTC_4cccc.dir/CheckFunctionExists.c.o  -o cmTC_4cccc -lpthreads 
/usr/bin/ld: cannot find -lpthreads
collect2: error: ld returned 1 exit status
make[1]: *** [CMakeFiles/cmTC_4cccc.dir/build.make:87: cmTC_4cccc] Error 1
make[1]: Leaving directory '/media/s4mothy/HI THERE/programming/school/csci5551/project_botross/botross_ws2/build/CMakeFiles/CMakeTmp'
make: *** [Makefile:121: cmTC_4cccc/fast] Error 2


